2020-05-07 17:05:52.517 febs [restartedMain] INFO  c.g.support.SupportApplication - Starting SupportApplication on DESKTOP-VOOFMH8 with PID 11308 (D:\workspace\groundwater\groundwater\target\classes started by wensi in D:\workspace\groundwater\groundwater)
2020-05-07 17:05:52.521 febs [restartedMain] INFO  c.g.support.SupportApplication - The following profiles are active: dev
2020-05-07 17:05:52.600 febs [restartedMain] INFO  o.s.b.d.e.DevToolsPropertyDefaultsPostProcessor - Devtools property defaults active! Set 'spring.devtools.add-properties' to 'false' to disable
2020-05-07 17:05:52.601 febs [restartedMain] INFO  o.s.b.d.e.DevToolsPropertyDefaultsPostProcessor - For additional web related logging consider setting the 'logging.level.web' property to 'DEBUG'
2020-05-07 17:05:53.791 febs [restartedMain] INFO  o.s.d.r.c.RepositoryConfigurationDelegate - Multiple Spring Data modules found, entering strict repository configuration mode!
2020-05-07 17:05:53.794 febs [restartedMain] INFO  o.s.d.r.c.RepositoryConfigurationDelegate - Bootstrapping Spring Data Redis repositories in DEFAULT mode.
2020-05-07 17:05:53.840 febs [restartedMain] INFO  o.s.d.r.c.RepositoryConfigurationDelegate - Finished Spring Data repository scanning in 31ms. Found 0 Redis repository interfaces.
2020-05-07 17:05:54.314 febs [restartedMain] INFO  o.s.c.s.PostProcessorRegistrationDelegate$BeanPostProcessorChecker - Bean 'shiroConfig' of type [com.groundwater.support.modules.common.authentication.ShiroConfig$$EnhancerBySpringCGLIB$$6b8328ba] is not eligible for getting processed by all BeanPostProcessors (for example: not eligible for auto-proxying)
2020-05-07 17:05:54.917 febs [restartedMain] INFO  o.s.c.s.PostProcessorRegistrationDelegate$BeanPostProcessorChecker - Bean 'redisConfig' of type [com.groundwater.support.modules.common.config.RedisConfig$$EnhancerBySpringCGLIB$$537c5b0e] is not eligible for getting processed by all BeanPostProcessors (for example: not eligible for auto-proxying)
2020-05-07 17:05:54.940 febs [restartedMain] INFO  o.s.c.s.PostProcessorRegistrationDelegate$BeanPostProcessorChecker - Bean 'redisPoolFactory' of type [redis.clients.jedis.JedisPool] is not eligible for getting processed by all BeanPostProcessors (for example: not eligible for auto-proxying)
2020-05-07 17:05:54.943 febs [restartedMain] INFO  o.s.c.s.PostProcessorRegistrationDelegate$BeanPostProcessorChecker - Bean 'redisService' of type [com.groundwater.support.modules.common.service.impl.RedisServiceImpl] is not eligible for getting processed by all BeanPostProcessors (for example: not eligible for auto-proxying)
2020-05-07 17:05:55.005 febs [restartedMain] INFO  o.s.c.s.PostProcessorRegistrationDelegate$BeanPostProcessorChecker - Bean 'mybatis-plus-com.baomidou.mybatisplus.autoconfigure.MybatisPlusProperties' of type [com.baomidou.mybatisplus.autoconfigure.MybatisPlusProperties] is not eligible for getting processed by all BeanPostProcessors (for example: not eligible for auto-proxying)
2020-05-07 17:05:55.011 febs [restartedMain] INFO  o.s.c.s.PostProcessorRegistrationDelegate$BeanPostProcessorChecker - Bean 'mybatisPlusConfig' of type [com.groundwater.support.modules.common.config.MybatisPlusConfig$$EnhancerBySpringCGLIB$$2b2999e0] is not eligible for getting processed by all BeanPostProcessors (for example: not eligible for auto-proxying)
2020-05-07 17:05:55.016 febs [restartedMain] INFO  o.s.c.s.PostProcessorRegistrationDelegate$BeanPostProcessorChecker - Bean 'sqlExplainInterceptor' of type [com.baomidou.mybatisplus.extension.plugins.SqlExplainInterceptor] is not eligible for getting processed by all BeanPostProcessors (for example: not eligible for auto-proxying)
2020-05-07 17:05:55.023 febs [restartedMain] INFO  o.s.c.s.PostProcessorRegistrationDelegate$BeanPostProcessorChecker - Bean 'paginationInterceptor' of type [com.baomidou.mybatisplus.extension.plugins.PaginationInterceptor] is not eligible for getting processed by all BeanPostProcessors (for example: not eligible for auto-proxying)
2020-05-07 17:05:55.033 febs [restartedMain] INFO  o.s.c.s.PostProcessorRegistrationDelegate$BeanPostProcessorChecker - Bean 'com.baomidou.mybatisplus.autoconfigure.MybatisPlusAutoConfiguration' of type [com.baomidou.mybatisplus.autoconfigure.MybatisPlusAutoConfiguration$$EnhancerBySpringCGLIB$$e4f5d60] is not eligible for getting processed by all BeanPostProcessors (for example: not eligible for auto-proxying)
2020-05-07 17:05:55.037 febs [restartedMain] INFO  o.s.c.s.PostProcessorRegistrationDelegate$BeanPostProcessorChecker - Bean 'org.springframework.boot.autoconfigure.jdbc.DataSourceConfiguration$Generic' of type [org.springframework.boot.autoconfigure.jdbc.DataSourceConfiguration$Generic] is not eligible for getting processed by all BeanPostProcessors (for example: not eligible for auto-proxying)
2020-05-07 17:05:55.050 febs [restartedMain] INFO  o.s.c.s.PostProcessorRegistrationDelegate$BeanPostProcessorChecker - Bean 'spring.datasource-org.springframework.boot.autoconfigure.jdbc.DataSourceProperties' of type [org.springframework.boot.autoconfigure.jdbc.DataSourceProperties] is not eligible for getting processed by all BeanPostProcessors (for example: not eligible for auto-proxying)
2020-05-07 17:05:55.098 febs [restartedMain] INFO  o.s.c.s.PostProcessorRegistrationDelegate$BeanPostProcessorChecker - Bean 'dataSource' of type [com.alibaba.druid.pool.DruidDataSource] is not eligible for getting processed by all BeanPostProcessors (for example: not eligible for auto-proxying)
2020-05-07 17:05:55.127 febs [restartedMain] INFO  o.s.c.s.PostProcessorRegistrationDelegate$BeanPostProcessorChecker - Bean 'org.springframework.boot.autoconfigure.jdbc.DataSourceInitializerInvoker' of type [org.springframework.boot.autoconfigure.jdbc.DataSourceInitializerInvoker] is not eligible for getting processed by all BeanPostProcessors (for example: not eligible for auto-proxying)
2020-05-07 17:05:55.299 febs [restartedMain] INFO  c.alibaba.druid.pool.DruidDataSource - {dataSource-0} closing ...
2020-05-07 17:05:55.315 febs [restartedMain] INFO  o.s.b.a.l.ConditionEvaluationReportLoggingListener - 

Error starting ApplicationContext. To display the conditions report re-run your application with 'debug' enabled.
2020-05-07 17:06:52.015 febs [restartedMain] INFO  c.g.support.SupportApplication - Starting SupportApplication on DESKTOP-VOOFMH8 with PID 19372 (D:\workspace\groundwater\groundwater\target\classes started by wensi in D:\workspace\groundwater\groundwater)
2020-05-07 17:06:52.021 febs [restartedMain] INFO  c.g.support.SupportApplication - The following profiles are active: dev
2020-05-07 17:06:52.118 febs [restartedMain] INFO  o.s.b.d.e.DevToolsPropertyDefaultsPostProcessor - Devtools property defaults active! Set 'spring.devtools.add-properties' to 'false' to disable
2020-05-07 17:06:52.118 febs [restartedMain] INFO  o.s.b.d.e.DevToolsPropertyDefaultsPostProcessor - For additional web related logging consider setting the 'logging.level.web' property to 'DEBUG'
2020-05-07 17:06:53.314 febs [restartedMain] INFO  o.s.d.r.c.RepositoryConfigurationDelegate - Multiple Spring Data modules found, entering strict repository configuration mode!
2020-05-07 17:06:53.317 febs [restartedMain] INFO  o.s.d.r.c.RepositoryConfigurationDelegate - Bootstrapping Spring Data Redis repositories in DEFAULT mode.
2020-05-07 17:06:53.367 febs [restartedMain] INFO  o.s.d.r.c.RepositoryConfigurationDelegate - Finished Spring Data repository scanning in 34ms. Found 0 Redis repository interfaces.
2020-05-07 17:06:53.882 febs [restartedMain] INFO  o.s.c.s.PostProcessorRegistrationDelegate$BeanPostProcessorChecker - Bean 'shiroConfig' of type [com.groundwater.support.modules.common.authentication.ShiroConfig$$EnhancerBySpringCGLIB$$ee8e699e] is not eligible for getting processed by all BeanPostProcessors (for example: not eligible for auto-proxying)
2020-05-07 17:06:54.536 febs [restartedMain] INFO  o.s.c.s.PostProcessorRegistrationDelegate$BeanPostProcessorChecker - Bean 'redisConfig' of type [com.groundwater.support.modules.common.config.RedisConfig$$EnhancerBySpringCGLIB$$d6879bf2] is not eligible for getting processed by all BeanPostProcessors (for example: not eligible for auto-proxying)
2020-05-07 17:06:54.559 febs [restartedMain] INFO  o.s.c.s.PostProcessorRegistrationDelegate$BeanPostProcessorChecker - Bean 'redisPoolFactory' of type [redis.clients.jedis.JedisPool] is not eligible for getting processed by all BeanPostProcessors (for example: not eligible for auto-proxying)
2020-05-07 17:06:54.562 febs [restartedMain] INFO  o.s.c.s.PostProcessorRegistrationDelegate$BeanPostProcessorChecker - Bean 'redisService' of type [com.groundwater.support.modules.common.service.impl.RedisServiceImpl] is not eligible for getting processed by all BeanPostProcessors (for example: not eligible for auto-proxying)
2020-05-07 17:06:54.627 febs [restartedMain] INFO  o.s.c.s.PostProcessorRegistrationDelegate$BeanPostProcessorChecker - Bean 'mybatis-plus-com.baomidou.mybatisplus.autoconfigure.MybatisPlusProperties' of type [com.baomidou.mybatisplus.autoconfigure.MybatisPlusProperties] is not eligible for getting processed by all BeanPostProcessors (for example: not eligible for auto-proxying)
2020-05-07 17:06:54.633 febs [restartedMain] INFO  o.s.c.s.PostProcessorRegistrationDelegate$BeanPostProcessorChecker - Bean 'mybatisPlusConfig' of type [com.groundwater.support.modules.common.config.MybatisPlusConfig$$EnhancerBySpringCGLIB$$ae34dac4] is not eligible for getting processed by all BeanPostProcessors (for example: not eligible for auto-proxying)
2020-05-07 17:06:54.639 febs [restartedMain] INFO  o.s.c.s.PostProcessorRegistrationDelegate$BeanPostProcessorChecker - Bean 'sqlExplainInterceptor' of type [com.baomidou.mybatisplus.extension.plugins.SqlExplainInterceptor] is not eligible for getting processed by all BeanPostProcessors (for example: not eligible for auto-proxying)
2020-05-07 17:06:54.646 febs [restartedMain] INFO  o.s.c.s.PostProcessorRegistrationDelegate$BeanPostProcessorChecker - Bean 'paginationInterceptor' of type [com.baomidou.mybatisplus.extension.plugins.PaginationInterceptor] is not eligible for getting processed by all BeanPostProcessors (for example: not eligible for auto-proxying)
2020-05-07 17:06:54.655 febs [restartedMain] INFO  o.s.c.s.PostProcessorRegistrationDelegate$BeanPostProcessorChecker - Bean 'com.baomidou.mybatisplus.autoconfigure.MybatisPlusAutoConfiguration' of type [com.baomidou.mybatisplus.autoconfigure.MybatisPlusAutoConfiguration$$EnhancerBySpringCGLIB$$915a9e44] is not eligible for getting processed by all BeanPostProcessors (for example: not eligible for auto-proxying)
2020-05-07 17:06:54.659 febs [restartedMain] INFO  o.s.c.s.PostProcessorRegistrationDelegate$BeanPostProcessorChecker - Bean 'org.springframework.boot.autoconfigure.jdbc.DataSourceConfiguration$Generic' of type [org.springframework.boot.autoconfigure.jdbc.DataSourceConfiguration$Generic] is not eligible for getting processed by all BeanPostProcessors (for example: not eligible for auto-proxying)
2020-05-07 17:06:54.672 febs [restartedMain] INFO  o.s.c.s.PostProcessorRegistrationDelegate$BeanPostProcessorChecker - Bean 'spring.datasource-org.springframework.boot.autoconfigure.jdbc.DataSourceProperties' of type [org.springframework.boot.autoconfigure.jdbc.DataSourceProperties] is not eligible for getting processed by all BeanPostProcessors (for example: not eligible for auto-proxying)
2020-05-07 17:06:54.717 febs [restartedMain] INFO  o.s.c.s.PostProcessorRegistrationDelegate$BeanPostProcessorChecker - Bean 'dataSource' of type [com.alibaba.druid.pool.DruidDataSource] is not eligible for getting processed by all BeanPostProcessors (for example: not eligible for auto-proxying)
2020-05-07 17:06:54.746 febs [restartedMain] INFO  o.s.c.s.PostProcessorRegistrationDelegate$BeanPostProcessorChecker - Bean 'org.springframework.boot.autoconfigure.jdbc.DataSourceInitializerInvoker' of type [org.springframework.boot.autoconfigure.jdbc.DataSourceInitializerInvoker] is not eligible for getting processed by all BeanPostProcessors (for example: not eligible for auto-proxying)
2020-05-07 17:06:54.933 febs [restartedMain] INFO  c.alibaba.druid.pool.DruidDataSource - {dataSource-0} closing ...
2020-05-07 17:06:54.948 febs [restartedMain] INFO  o.s.b.a.l.ConditionEvaluationReportLoggingListener - 

Error starting ApplicationContext. To display the conditions report re-run your application with 'debug' enabled.
2020-05-07 17:11:28.501 febs [restartedMain] INFO  c.g.support.SupportApplication - Starting SupportApplication on DESKTOP-VOOFMH8 with PID 17984 (D:\workspace\groundwater\groundwater\target\classes started by wensi in D:\workspace\groundwater\groundwater)
2020-05-07 17:11:28.505 febs [restartedMain] INFO  c.g.support.SupportApplication - The following profiles are active: dev
2020-05-07 17:11:28.585 febs [restartedMain] INFO  o.s.b.d.e.DevToolsPropertyDefaultsPostProcessor - Devtools property defaults active! Set 'spring.devtools.add-properties' to 'false' to disable
2020-05-07 17:11:28.585 febs [restartedMain] INFO  o.s.b.d.e.DevToolsPropertyDefaultsPostProcessor - For additional web related logging consider setting the 'logging.level.web' property to 'DEBUG'
2020-05-07 17:11:29.820 febs [restartedMain] INFO  o.s.d.r.c.RepositoryConfigurationDelegate - Multiple Spring Data modules found, entering strict repository configuration mode!
2020-05-07 17:11:29.822 febs [restartedMain] INFO  o.s.d.r.c.RepositoryConfigurationDelegate - Bootstrapping Spring Data Redis repositories in DEFAULT mode.
2020-05-07 17:11:29.877 febs [restartedMain] INFO  o.s.d.r.c.RepositoryConfigurationDelegate - Finished Spring Data repository scanning in 41ms. Found 0 Redis repository interfaces.
2020-05-07 17:11:30.443 febs [restartedMain] INFO  o.s.c.s.PostProcessorRegistrationDelegate$BeanPostProcessorChecker - Bean 'shiroConfig' of type [com.groundwater.support.modules.common.authentication.ShiroConfig$$EnhancerBySpringCGLIB$$58383e2] is not eligible for getting processed by all BeanPostProcessors (for example: not eligible for auto-proxying)
2020-05-07 17:11:31.421 febs [restartedMain] INFO  o.s.c.s.PostProcessorRegistrationDelegate$BeanPostProcessorChecker - Bean 'redisConfig' of type [com.groundwater.support.modules.common.config.RedisConfig$$EnhancerBySpringCGLIB$$ed7cb636] is not eligible for getting processed by all BeanPostProcessors (for example: not eligible for auto-proxying)
2020-05-07 17:11:31.471 febs [restartedMain] INFO  o.s.c.s.PostProcessorRegistrationDelegate$BeanPostProcessorChecker - Bean 'redisPoolFactory' of type [redis.clients.jedis.JedisPool] is not eligible for getting processed by all BeanPostProcessors (for example: not eligible for auto-proxying)
2020-05-07 17:11:31.478 febs [restartedMain] INFO  o.s.c.s.PostProcessorRegistrationDelegate$BeanPostProcessorChecker - Bean 'redisService' of type [com.groundwater.support.modules.common.service.impl.RedisServiceImpl] is not eligible for getting processed by all BeanPostProcessors (for example: not eligible for auto-proxying)
2020-05-07 17:11:31.566 febs [restartedMain] INFO  o.s.c.s.PostProcessorRegistrationDelegate$BeanPostProcessorChecker - Bean 'mybatis-plus-com.baomidou.mybatisplus.autoconfigure.MybatisPlusProperties' of type [com.baomidou.mybatisplus.autoconfigure.MybatisPlusProperties] is not eligible for getting processed by all BeanPostProcessors (for example: not eligible for auto-proxying)
2020-05-07 17:11:31.573 febs [restartedMain] INFO  o.s.c.s.PostProcessorRegistrationDelegate$BeanPostProcessorChecker - Bean 'mybatisPlusConfig' of type [com.groundwater.support.modules.common.config.MybatisPlusConfig$$EnhancerBySpringCGLIB$$c529f508] is not eligible for getting processed by all BeanPostProcessors (for example: not eligible for auto-proxying)
2020-05-07 17:11:31.579 febs [restartedMain] INFO  o.s.c.s.PostProcessorRegistrationDelegate$BeanPostProcessorChecker - Bean 'sqlExplainInterceptor' of type [com.baomidou.mybatisplus.extension.plugins.SqlExplainInterceptor] is not eligible for getting processed by all BeanPostProcessors (for example: not eligible for auto-proxying)
2020-05-07 17:11:31.588 febs [restartedMain] INFO  o.s.c.s.PostProcessorRegistrationDelegate$BeanPostProcessorChecker - Bean 'paginationInterceptor' of type [com.baomidou.mybatisplus.extension.plugins.PaginationInterceptor] is not eligible for getting processed by all BeanPostProcessors (for example: not eligible for auto-proxying)
2020-05-07 17:11:31.598 febs [restartedMain] INFO  o.s.c.s.PostProcessorRegistrationDelegate$BeanPostProcessorChecker - Bean 'com.baomidou.mybatisplus.autoconfigure.MybatisPlusAutoConfiguration' of type [com.baomidou.mybatisplus.autoconfigure.MybatisPlusAutoConfiguration$$EnhancerBySpringCGLIB$$a84fb888] is not eligible for getting processed by all BeanPostProcessors (for example: not eligible for auto-proxying)
2020-05-07 17:11:31.602 febs [restartedMain] INFO  o.s.c.s.PostProcessorRegistrationDelegate$BeanPostProcessorChecker - Bean 'org.springframework.boot.autoconfigure.jdbc.DataSourceConfiguration$Generic' of type [org.springframework.boot.autoconfigure.jdbc.DataSourceConfiguration$Generic] is not eligible for getting processed by all BeanPostProcessors (for example: not eligible for auto-proxying)
2020-05-07 17:11:31.616 febs [restartedMain] INFO  o.s.c.s.PostProcessorRegistrationDelegate$BeanPostProcessorChecker - Bean 'spring.datasource-org.springframework.boot.autoconfigure.jdbc.DataSourceProperties' of type [org.springframework.boot.autoconfigure.jdbc.DataSourceProperties] is not eligible for getting processed by all BeanPostProcessors (for example: not eligible for auto-proxying)
2020-05-07 17:11:31.670 febs [restartedMain] INFO  o.s.c.s.PostProcessorRegistrationDelegate$BeanPostProcessorChecker - Bean 'dataSource' of type [com.alibaba.druid.pool.DruidDataSource] is not eligible for getting processed by all BeanPostProcessors (for example: not eligible for auto-proxying)
2020-05-07 17:11:31.704 febs [restartedMain] INFO  o.s.c.s.PostProcessorRegistrationDelegate$BeanPostProcessorChecker - Bean 'org.springframework.boot.autoconfigure.jdbc.DataSourceInitializerInvoker' of type [org.springframework.boot.autoconfigure.jdbc.DataSourceInitializerInvoker] is not eligible for getting processed by all BeanPostProcessors (for example: not eligible for auto-proxying)
2020-05-07 17:11:31.818 febs [restartedMain] INFO  c.alibaba.druid.pool.DruidDataSource - {dataSource-0} closing ...
2020-05-07 17:11:31.834 febs [restartedMain] INFO  o.s.b.a.l.ConditionEvaluationReportLoggingListener - 

Error starting ApplicationContext. To display the conditions report re-run your application with 'debug' enabled.
2020-05-07 17:11:59.660 febs [restartedMain] INFO  c.g.support.SupportApplication - Starting SupportApplication on DESKTOP-VOOFMH8 with PID 7736 (D:\workspace\groundwater\groundwater\target\classes started by wensi in D:\workspace\groundwater\groundwater)
2020-05-07 17:11:59.666 febs [restartedMain] INFO  c.g.support.SupportApplication - The following profiles are active: dev
2020-05-07 17:11:59.760 febs [restartedMain] INFO  o.s.b.d.e.DevToolsPropertyDefaultsPostProcessor - Devtools property defaults active! Set 'spring.devtools.add-properties' to 'false' to disable
2020-05-07 17:11:59.761 febs [restartedMain] INFO  o.s.b.d.e.DevToolsPropertyDefaultsPostProcessor - For additional web related logging consider setting the 'logging.level.web' property to 'DEBUG'
2020-05-07 17:12:00.956 febs [restartedMain] INFO  o.s.d.r.c.RepositoryConfigurationDelegate - Multiple Spring Data modules found, entering strict repository configuration mode!
2020-05-07 17:12:00.958 febs [restartedMain] INFO  o.s.d.r.c.RepositoryConfigurationDelegate - Bootstrapping Spring Data Redis repositories in DEFAULT mode.
2020-05-07 17:12:01.008 febs [restartedMain] INFO  o.s.d.r.c.RepositoryConfigurationDelegate - Finished Spring Data repository scanning in 35ms. Found 0 Redis repository interfaces.
2020-05-07 17:12:01.561 febs [restartedMain] INFO  o.s.c.s.PostProcessorRegistrationDelegate$BeanPostProcessorChecker - Bean 'shiroConfig' of type [com.groundwater.support.modules.common.authentication.ShiroConfig$$EnhancerBySpringCGLIB$$4c141bb3] is not eligible for getting processed by all BeanPostProcessors (for example: not eligible for auto-proxying)
2020-05-07 17:12:02.537 febs [restartedMain] INFO  o.s.c.s.PostProcessorRegistrationDelegate$BeanPostProcessorChecker - Bean 'redisConfig' of type [com.groundwater.support.modules.common.config.RedisConfig$$EnhancerBySpringCGLIB$$340d4e07] is not eligible for getting processed by all BeanPostProcessors (for example: not eligible for auto-proxying)
2020-05-07 17:12:02.586 febs [restartedMain] INFO  o.s.c.s.PostProcessorRegistrationDelegate$BeanPostProcessorChecker - Bean 'redisPoolFactory' of type [redis.clients.jedis.JedisPool] is not eligible for getting processed by all BeanPostProcessors (for example: not eligible for auto-proxying)
2020-05-07 17:12:02.591 febs [restartedMain] INFO  o.s.c.s.PostProcessorRegistrationDelegate$BeanPostProcessorChecker - Bean 'redisService' of type [com.groundwater.support.modules.common.service.impl.RedisServiceImpl] is not eligible for getting processed by all BeanPostProcessors (for example: not eligible for auto-proxying)
2020-05-07 17:12:02.663 febs [restartedMain] INFO  o.s.c.s.PostProcessorRegistrationDelegate$BeanPostProcessorChecker - Bean 'mybatis-plus-com.baomidou.mybatisplus.autoconfigure.MybatisPlusProperties' of type [com.baomidou.mybatisplus.autoconfigure.MybatisPlusProperties] is not eligible for getting processed by all BeanPostProcessors (for example: not eligible for auto-proxying)
2020-05-07 17:12:02.672 febs [restartedMain] INFO  o.s.c.s.PostProcessorRegistrationDelegate$BeanPostProcessorChecker - Bean 'mybatisPlusConfig' of type [com.groundwater.support.modules.common.config.MybatisPlusConfig$$EnhancerBySpringCGLIB$$bba8cd9] is not eligible for getting processed by all BeanPostProcessors (for example: not eligible for auto-proxying)
2020-05-07 17:12:02.680 febs [restartedMain] INFO  o.s.c.s.PostProcessorRegistrationDelegate$BeanPostProcessorChecker - Bean 'sqlExplainInterceptor' of type [com.baomidou.mybatisplus.extension.plugins.SqlExplainInterceptor] is not eligible for getting processed by all BeanPostProcessors (for example: not eligible for auto-proxying)
2020-05-07 17:12:02.691 febs [restartedMain] INFO  o.s.c.s.PostProcessorRegistrationDelegate$BeanPostProcessorChecker - Bean 'paginationInterceptor' of type [com.baomidou.mybatisplus.extension.plugins.PaginationInterceptor] is not eligible for getting processed by all BeanPostProcessors (for example: not eligible for auto-proxying)
2020-05-07 17:12:02.702 febs [restartedMain] INFO  o.s.c.s.PostProcessorRegistrationDelegate$BeanPostProcessorChecker - Bean 'com.baomidou.mybatisplus.autoconfigure.MybatisPlusAutoConfiguration' of type [com.baomidou.mybatisplus.autoconfigure.MybatisPlusAutoConfiguration$$EnhancerBySpringCGLIB$$eee05059] is not eligible for getting processed by all BeanPostProcessors (for example: not eligible for auto-proxying)
2020-05-07 17:12:02.708 febs [restartedMain] INFO  o.s.c.s.PostProcessorRegistrationDelegate$BeanPostProcessorChecker - Bean 'org.springframework.boot.autoconfigure.jdbc.DataSourceConfiguration$Generic' of type [org.springframework.boot.autoconfigure.jdbc.DataSourceConfiguration$Generic] is not eligible for getting processed by all BeanPostProcessors (for example: not eligible for auto-proxying)
2020-05-07 17:12:02.726 febs [restartedMain] INFO  o.s.c.s.PostProcessorRegistrationDelegate$BeanPostProcessorChecker - Bean 'spring.datasource-org.springframework.boot.autoconfigure.jdbc.DataSourceProperties' of type [org.springframework.boot.autoconfigure.jdbc.DataSourceProperties] is not eligible for getting processed by all BeanPostProcessors (for example: not eligible for auto-proxying)
2020-05-07 17:12:02.783 febs [restartedMain] INFO  o.s.c.s.PostProcessorRegistrationDelegate$BeanPostProcessorChecker - Bean 'dataSource' of type [com.alibaba.druid.pool.DruidDataSource] is not eligible for getting processed by all BeanPostProcessors (for example: not eligible for auto-proxying)
2020-05-07 17:12:02.819 febs [restartedMain] INFO  o.s.c.s.PostProcessorRegistrationDelegate$BeanPostProcessorChecker - Bean 'org.springframework.boot.autoconfigure.jdbc.DataSourceInitializerInvoker' of type [org.springframework.boot.autoconfigure.jdbc.DataSourceInitializerInvoker] is not eligible for getting processed by all BeanPostProcessors (for example: not eligible for auto-proxying)
2020-05-07 17:12:03.349 febs [restartedMain] INFO  c.alibaba.druid.pool.DruidDataSource - {dataSource-0} closing ...
2020-05-07 17:12:03.367 febs [restartedMain] INFO  o.s.b.a.l.ConditionEvaluationReportLoggingListener - 

Error starting ApplicationContext. To display the conditions report re-run your application with 'debug' enabled.
2020-05-07 17:14:13.459 febs [restartedMain] INFO  c.g.support.SupportApplication - Starting SupportApplication on DESKTOP-VOOFMH8 with PID 15564 (D:\workspace\groundwater\groundwater\target\classes started by wensi in D:\workspace\groundwater\groundwater)
2020-05-07 17:14:13.465 febs [restartedMain] INFO  c.g.support.SupportApplication - The following profiles are active: dev
2020-05-07 17:14:13.543 febs [restartedMain] INFO  o.s.b.d.e.DevToolsPropertyDefaultsPostProcessor - Devtools property defaults active! Set 'spring.devtools.add-properties' to 'false' to disable
2020-05-07 17:14:13.543 febs [restartedMain] INFO  o.s.b.d.e.DevToolsPropertyDefaultsPostProcessor - For additional web related logging consider setting the 'logging.level.web' property to 'DEBUG'
2020-05-07 17:14:14.934 febs [restartedMain] INFO  o.s.d.r.c.RepositoryConfigurationDelegate - Multiple Spring Data modules found, entering strict repository configuration mode!
2020-05-07 17:14:14.937 febs [restartedMain] INFO  o.s.d.r.c.RepositoryConfigurationDelegate - Bootstrapping Spring Data Redis repositories in DEFAULT mode.
2020-05-07 17:14:14.978 febs [restartedMain] INFO  o.s.d.r.c.RepositoryConfigurationDelegate - Finished Spring Data repository scanning in 28ms. Found 0 Redis repository interfaces.
2020-05-07 17:14:15.454 febs [restartedMain] INFO  o.s.c.s.PostProcessorRegistrationDelegate$BeanPostProcessorChecker - Bean 'shiroConfig' of type [com.groundwater.support.modules.common.authentication.ShiroConfig$$EnhancerBySpringCGLIB$$cf5590f8] is not eligible for getting processed by all BeanPostProcessors (for example: not eligible for auto-proxying)
2020-05-07 17:14:15.983 febs [restartedMain] INFO  o.s.c.s.PostProcessorRegistrationDelegate$BeanPostProcessorChecker - Bean 'redisConfig' of type [com.groundwater.support.modules.common.config.RedisConfig$$EnhancerBySpringCGLIB$$b74ec34c] is not eligible for getting processed by all BeanPostProcessors (for example: not eligible for auto-proxying)
2020-05-07 17:14:16.004 febs [restartedMain] INFO  o.s.c.s.PostProcessorRegistrationDelegate$BeanPostProcessorChecker - Bean 'redisPoolFactory' of type [redis.clients.jedis.JedisPool] is not eligible for getting processed by all BeanPostProcessors (for example: not eligible for auto-proxying)
2020-05-07 17:14:16.007 febs [restartedMain] INFO  o.s.c.s.PostProcessorRegistrationDelegate$BeanPostProcessorChecker - Bean 'redisService' of type [com.groundwater.support.modules.common.service.impl.RedisServiceImpl] is not eligible for getting processed by all BeanPostProcessors (for example: not eligible for auto-proxying)
2020-05-07 17:14:16.117 febs [restartedMain] INFO  o.s.c.s.PostProcessorRegistrationDelegate$BeanPostProcessorChecker - Bean 'mybatis-plus-com.baomidou.mybatisplus.autoconfigure.MybatisPlusProperties' of type [com.baomidou.mybatisplus.autoconfigure.MybatisPlusProperties] is not eligible for getting processed by all BeanPostProcessors (for example: not eligible for auto-proxying)
2020-05-07 17:14:16.123 febs [restartedMain] INFO  o.s.c.s.PostProcessorRegistrationDelegate$BeanPostProcessorChecker - Bean 'mybatisPlusConfig' of type [com.groundwater.support.modules.common.config.MybatisPlusConfig$$EnhancerBySpringCGLIB$$8efc021e] is not eligible for getting processed by all BeanPostProcessors (for example: not eligible for auto-proxying)
2020-05-07 17:14:16.129 febs [restartedMain] INFO  o.s.c.s.PostProcessorRegistrationDelegate$BeanPostProcessorChecker - Bean 'sqlExplainInterceptor' of type [com.baomidou.mybatisplus.extension.plugins.SqlExplainInterceptor] is not eligible for getting processed by all BeanPostProcessors (for example: not eligible for auto-proxying)
2020-05-07 17:14:16.137 febs [restartedMain] INFO  o.s.c.s.PostProcessorRegistrationDelegate$BeanPostProcessorChecker - Bean 'paginationInterceptor' of type [com.baomidou.mybatisplus.extension.plugins.PaginationInterceptor] is not eligible for getting processed by all BeanPostProcessors (for example: not eligible for auto-proxying)
2020-05-07 17:14:16.145 febs [restartedMain] INFO  o.s.c.s.PostProcessorRegistrationDelegate$BeanPostProcessorChecker - Bean 'com.baomidou.mybatisplus.autoconfigure.MybatisPlusAutoConfiguration' of type [com.baomidou.mybatisplus.autoconfigure.MybatisPlusAutoConfiguration$$EnhancerBySpringCGLIB$$7221c59e] is not eligible for getting processed by all BeanPostProcessors (for example: not eligible for auto-proxying)
2020-05-07 17:14:16.149 febs [restartedMain] INFO  o.s.c.s.PostProcessorRegistrationDelegate$BeanPostProcessorChecker - Bean 'org.springframework.boot.autoconfigure.jdbc.DataSourceConfiguration$Generic' of type [org.springframework.boot.autoconfigure.jdbc.DataSourceConfiguration$Generic] is not eligible for getting processed by all BeanPostProcessors (for example: not eligible for auto-proxying)
2020-05-07 17:14:16.162 febs [restartedMain] INFO  o.s.c.s.PostProcessorRegistrationDelegate$BeanPostProcessorChecker - Bean 'spring.datasource-org.springframework.boot.autoconfigure.jdbc.DataSourceProperties' of type [org.springframework.boot.autoconfigure.jdbc.DataSourceProperties] is not eligible for getting processed by all BeanPostProcessors (for example: not eligible for auto-proxying)
2020-05-07 17:14:16.209 febs [restartedMain] INFO  o.s.c.s.PostProcessorRegistrationDelegate$BeanPostProcessorChecker - Bean 'dataSource' of type [com.alibaba.druid.pool.DruidDataSource] is not eligible for getting processed by all BeanPostProcessors (for example: not eligible for auto-proxying)
2020-05-07 17:14:16.242 febs [restartedMain] INFO  o.s.c.s.PostProcessorRegistrationDelegate$BeanPostProcessorChecker - Bean 'org.springframework.boot.autoconfigure.jdbc.DataSourceInitializerInvoker' of type [org.springframework.boot.autoconfigure.jdbc.DataSourceInitializerInvoker] is not eligible for getting processed by all BeanPostProcessors (for example: not eligible for auto-proxying)
2020-05-07 17:14:16.613 febs [restartedMain] INFO  c.alibaba.druid.pool.DruidDataSource - {dataSource-0} closing ...
2020-05-07 17:14:16.629 febs [restartedMain] INFO  o.s.b.a.l.ConditionEvaluationReportLoggingListener - 

Error starting ApplicationContext. To display the conditions report re-run your application with 'debug' enabled.
2020-05-07 17:15:17.759 febs [restartedMain] INFO  c.g.support.SupportApplication - Starting SupportApplication on DESKTOP-VOOFMH8 with PID 8924 (D:\workspace\groundwater\groundwater\target\classes started by wensi in D:\workspace\groundwater\groundwater)
2020-05-07 17:15:17.766 febs [restartedMain] INFO  c.g.support.SupportApplication - The following profiles are active: dev
2020-05-07 17:15:17.842 febs [restartedMain] INFO  o.s.b.d.e.DevToolsPropertyDefaultsPostProcessor - Devtools property defaults active! Set 'spring.devtools.add-properties' to 'false' to disable
2020-05-07 17:15:17.842 febs [restartedMain] INFO  o.s.b.d.e.DevToolsPropertyDefaultsPostProcessor - For additional web related logging consider setting the 'logging.level.web' property to 'DEBUG'
2020-05-07 17:15:18.882 febs [restartedMain] INFO  o.s.d.r.c.RepositoryConfigurationDelegate - Multiple Spring Data modules found, entering strict repository configuration mode!
2020-05-07 17:15:18.885 febs [restartedMain] INFO  o.s.d.r.c.RepositoryConfigurationDelegate - Bootstrapping Spring Data Redis repositories in DEFAULT mode.
2020-05-07 17:15:18.927 febs [restartedMain] INFO  o.s.d.r.c.RepositoryConfigurationDelegate - Finished Spring Data repository scanning in 29ms. Found 0 Redis repository interfaces.
2020-05-07 17:15:19.386 febs [restartedMain] INFO  o.s.c.s.PostProcessorRegistrationDelegate$BeanPostProcessorChecker - Bean 'shiroConfig' of type [com.groundwater.support.modules.common.authentication.ShiroConfig$$EnhancerBySpringCGLIB$$f5ad5423] is not eligible for getting processed by all BeanPostProcessors (for example: not eligible for auto-proxying)
2020-05-07 17:15:19.958 febs [restartedMain] INFO  o.s.c.s.PostProcessorRegistrationDelegate$BeanPostProcessorChecker - Bean 'redisConfig' of type [com.groundwater.support.modules.common.config.RedisConfig$$EnhancerBySpringCGLIB$$dda68677] is not eligible for getting processed by all BeanPostProcessors (for example: not eligible for auto-proxying)
2020-05-07 17:15:19.981 febs [restartedMain] INFO  o.s.c.s.PostProcessorRegistrationDelegate$BeanPostProcessorChecker - Bean 'redisPoolFactory' of type [redis.clients.jedis.JedisPool] is not eligible for getting processed by all BeanPostProcessors (for example: not eligible for auto-proxying)
2020-05-07 17:15:19.983 febs [restartedMain] INFO  o.s.c.s.PostProcessorRegistrationDelegate$BeanPostProcessorChecker - Bean 'redisService' of type [com.groundwater.support.modules.common.service.impl.RedisServiceImpl] is not eligible for getting processed by all BeanPostProcessors (for example: not eligible for auto-proxying)
2020-05-07 17:15:20.032 febs [restartedMain] INFO  o.s.c.s.PostProcessorRegistrationDelegate$BeanPostProcessorChecker - Bean 'mybatis-plus-com.baomidou.mybatisplus.autoconfigure.MybatisPlusProperties' of type [com.baomidou.mybatisplus.autoconfigure.MybatisPlusProperties] is not eligible for getting processed by all BeanPostProcessors (for example: not eligible for auto-proxying)
2020-05-07 17:15:20.039 febs [restartedMain] INFO  o.s.c.s.PostProcessorRegistrationDelegate$BeanPostProcessorChecker - Bean 'mybatisPlusConfig' of type [com.groundwater.support.modules.common.config.MybatisPlusConfig$$EnhancerBySpringCGLIB$$b553c549] is not eligible for getting processed by all BeanPostProcessors (for example: not eligible for auto-proxying)
2020-05-07 17:15:20.044 febs [restartedMain] INFO  o.s.c.s.PostProcessorRegistrationDelegate$BeanPostProcessorChecker - Bean 'sqlExplainInterceptor' of type [com.baomidou.mybatisplus.extension.plugins.SqlExplainInterceptor] is not eligible for getting processed by all BeanPostProcessors (for example: not eligible for auto-proxying)
2020-05-07 17:15:20.051 febs [restartedMain] INFO  o.s.c.s.PostProcessorRegistrationDelegate$BeanPostProcessorChecker - Bean 'paginationInterceptor' of type [com.baomidou.mybatisplus.extension.plugins.PaginationInterceptor] is not eligible for getting processed by all BeanPostProcessors (for example: not eligible for auto-proxying)
2020-05-07 17:15:20.060 febs [restartedMain] INFO  o.s.c.s.PostProcessorRegistrationDelegate$BeanPostProcessorChecker - Bean 'com.baomidou.mybatisplus.autoconfigure.MybatisPlusAutoConfiguration' of type [com.baomidou.mybatisplus.autoconfigure.MybatisPlusAutoConfiguration$$EnhancerBySpringCGLIB$$987988c9] is not eligible for getting processed by all BeanPostProcessors (for example: not eligible for auto-proxying)
2020-05-07 17:15:20.064 febs [restartedMain] INFO  o.s.c.s.PostProcessorRegistrationDelegate$BeanPostProcessorChecker - Bean 'org.springframework.boot.autoconfigure.jdbc.DataSourceConfiguration$Generic' of type [org.springframework.boot.autoconfigure.jdbc.DataSourceConfiguration$Generic] is not eligible for getting processed by all BeanPostProcessors (for example: not eligible for auto-proxying)
2020-05-07 17:15:20.078 febs [restartedMain] INFO  o.s.c.s.PostProcessorRegistrationDelegate$BeanPostProcessorChecker - Bean 'spring.datasource-org.springframework.boot.autoconfigure.jdbc.DataSourceProperties' of type [org.springframework.boot.autoconfigure.jdbc.DataSourceProperties] is not eligible for getting processed by all BeanPostProcessors (for example: not eligible for auto-proxying)
2020-05-07 17:15:20.120 febs [restartedMain] INFO  o.s.c.s.PostProcessorRegistrationDelegate$BeanPostProcessorChecker - Bean 'dataSource' of type [com.alibaba.druid.pool.DruidDataSource] is not eligible for getting processed by all BeanPostProcessors (for example: not eligible for auto-proxying)
2020-05-07 17:15:20.146 febs [restartedMain] INFO  o.s.c.s.PostProcessorRegistrationDelegate$BeanPostProcessorChecker - Bean 'org.springframework.boot.autoconfigure.jdbc.DataSourceInitializerInvoker' of type [org.springframework.boot.autoconfigure.jdbc.DataSourceInitializerInvoker] is not eligible for getting processed by all BeanPostProcessors (for example: not eligible for auto-proxying)
2020-05-07 17:15:21.612 febs [restartedMain] INFO  o.s.c.s.PostProcessorRegistrationDelegate$BeanPostProcessorChecker - Bean 'sqlSessionFactory' of type [org.apache.ibatis.session.defaults.DefaultSqlSessionFactory] is not eligible for getting processed by all BeanPostProcessors (for example: not eligible for auto-proxying)
2020-05-07 17:15:21.622 febs [restartedMain] INFO  o.s.c.s.PostProcessorRegistrationDelegate$BeanPostProcessorChecker - Bean 'sqlSessionTemplate' of type [org.mybatis.spring.SqlSessionTemplate] is not eligible for getting processed by all BeanPostProcessors (for example: not eligible for auto-proxying)
2020-05-07 17:15:21.626 febs [restartedMain] INFO  o.s.c.s.PostProcessorRegistrationDelegate$BeanPostProcessorChecker - Bean 'roleMapper' of type [org.mybatis.spring.mapper.MapperFactoryBean] is not eligible for getting processed by all BeanPostProcessors (for example: not eligible for auto-proxying)
2020-05-07 17:15:21.629 febs [restartedMain] INFO  o.s.c.s.PostProcessorRegistrationDelegate$BeanPostProcessorChecker - Bean 'roleMapper' of type [com.sun.proxy.$Proxy108] is not eligible for getting processed by all BeanPostProcessors (for example: not eligible for auto-proxying)
2020-05-07 17:15:21.666 febs [restartedMain] INFO  o.s.c.s.PostProcessorRegistrationDelegate$BeanPostProcessorChecker - Bean 'roleMenuMapper' of type [org.mybatis.spring.mapper.MapperFactoryBean] is not eligible for getting processed by all BeanPostProcessors (for example: not eligible for auto-proxying)
2020-05-07 17:15:21.667 febs [restartedMain] INFO  o.s.c.s.PostProcessorRegistrationDelegate$BeanPostProcessorChecker - Bean 'roleMenuMapper' of type [com.sun.proxy.$Proxy109] is not eligible for getting processed by all BeanPostProcessors (for example: not eligible for auto-proxying)
2020-05-07 17:15:21.672 febs [restartedMain] INFO  o.s.c.s.PostProcessorRegistrationDelegate$BeanPostProcessorChecker - Bean 'userRoleMapper' of type [org.mybatis.spring.mapper.MapperFactoryBean] is not eligible for getting processed by all BeanPostProcessors (for example: not eligible for auto-proxying)
2020-05-07 17:15:21.673 febs [restartedMain] INFO  o.s.c.s.PostProcessorRegistrationDelegate$BeanPostProcessorChecker - Bean 'userRoleMapper' of type [com.sun.proxy.$Proxy110] is not eligible for getting processed by all BeanPostProcessors (for example: not eligible for auto-proxying)
2020-05-07 17:15:21.674 febs [restartedMain] INFO  o.s.c.s.PostProcessorRegistrationDelegate$BeanPostProcessorChecker - Bean 'userRoleService' of type [com.groundwater.support.modules.system.service.impl.UserRoleServiceImpl] is not eligible for getting processed by all BeanPostProcessors (for example: not eligible for auto-proxying)
2020-05-07 17:15:21.709 febs [restartedMain] INFO  o.s.c.s.PostProcessorRegistrationDelegate$BeanPostProcessorChecker - Bean 'roleMenuService' of type [com.groundwater.support.modules.system.service.impl.RoleMenuServiceImpl] is not eligible for getting processed by all BeanPostProcessors (for example: not eligible for auto-proxying)
2020-05-07 17:15:21.722 febs [restartedMain] INFO  o.s.c.s.PostProcessorRegistrationDelegate$BeanPostProcessorChecker - Bean 'roleService' of type [com.groundwater.support.modules.system.service.impl.RoleServiceImpl] is not eligible for getting processed by all BeanPostProcessors (for example: not eligible for auto-proxying)
2020-05-07 17:15:21.743 febs [restartedMain] INFO  o.s.c.s.PostProcessorRegistrationDelegate$BeanPostProcessorChecker - Bean 'menuMapper' of type [org.mybatis.spring.mapper.MapperFactoryBean] is not eligible for getting processed by all BeanPostProcessors (for example: not eligible for auto-proxying)
2020-05-07 17:15:21.745 febs [restartedMain] INFO  o.s.c.s.PostProcessorRegistrationDelegate$BeanPostProcessorChecker - Bean 'menuMapper' of type [com.sun.proxy.$Proxy114] is not eligible for getting processed by all BeanPostProcessors (for example: not eligible for auto-proxying)
2020-05-07 17:15:21.747 febs [restartedMain] INFO  o.s.c.s.PostProcessorRegistrationDelegate$BeanPostProcessorChecker - Bean 'menuService' of type [com.groundwater.support.modules.system.service.impl.MenuServiceImpl] is not eligible for getting processed by all BeanPostProcessors (for example: not eligible for auto-proxying)
2020-05-07 17:15:21.762 febs [restartedMain] INFO  o.s.c.s.PostProcessorRegistrationDelegate$BeanPostProcessorChecker - Bean 'userMapper' of type [org.mybatis.spring.mapper.MapperFactoryBean] is not eligible for getting processed by all BeanPostProcessors (for example: not eligible for auto-proxying)
2020-05-07 17:15:21.764 febs [restartedMain] INFO  o.s.c.s.PostProcessorRegistrationDelegate$BeanPostProcessorChecker - Bean 'userMapper' of type [com.sun.proxy.$Proxy116] is not eligible for getting processed by all BeanPostProcessors (for example: not eligible for auto-proxying)
2020-05-07 17:15:21.803 febs [restartedMain] INFO  o.s.c.s.PostProcessorRegistrationDelegate$BeanPostProcessorChecker - Bean 'userConfigMapper' of type [org.mybatis.spring.mapper.MapperFactoryBean] is not eligible for getting processed by all BeanPostProcessors (for example: not eligible for auto-proxying)
2020-05-07 17:15:21.805 febs [restartedMain] INFO  o.s.c.s.PostProcessorRegistrationDelegate$BeanPostProcessorChecker - Bean 'userConfigMapper' of type [com.sun.proxy.$Proxy117] is not eligible for getting processed by all BeanPostProcessors (for example: not eligible for auto-proxying)
2020-05-07 17:15:21.807 febs [restartedMain] INFO  o.s.c.s.PostProcessorRegistrationDelegate$BeanPostProcessorChecker - Bean 'userConfigService' of type [com.groundwater.support.modules.system.service.impl.UserConfigServiceImpl] is not eligible for getting processed by all BeanPostProcessors (for example: not eligible for auto-proxying)
2020-05-07 17:15:21.819 febs [restartedMain] INFO  o.s.c.s.PostProcessorRegistrationDelegate$BeanPostProcessorChecker - Bean 'userService' of type [com.groundwater.support.modules.system.service.impl.UserServiceImpl] is not eligible for getting processed by all BeanPostProcessors (for example: not eligible for auto-proxying)
2020-05-07 17:15:21.834 febs [restartedMain] INFO  o.s.c.s.PostProcessorRegistrationDelegate$BeanPostProcessorChecker - Bean 'org.springframework.boot.autoconfigure.jackson.JacksonAutoConfiguration$JacksonObjectMapperConfiguration' of type [org.springframework.boot.autoconfigure.jackson.JacksonAutoConfiguration$JacksonObjectMapperConfiguration] is not eligible for getting processed by all BeanPostProcessors (for example: not eligible for auto-proxying)
2020-05-07 17:15:21.835 febs [restartedMain] INFO  o.s.c.s.PostProcessorRegistrationDelegate$BeanPostProcessorChecker - Bean 'org.springframework.boot.autoconfigure.jackson.JacksonAutoConfiguration$JacksonObjectMapperBuilderConfiguration' of type [org.springframework.boot.autoconfigure.jackson.JacksonAutoConfiguration$JacksonObjectMapperBuilderConfiguration] is not eligible for getting processed by all BeanPostProcessors (for example: not eligible for auto-proxying)
2020-05-07 17:15:21.838 febs [restartedMain] INFO  o.s.c.s.PostProcessorRegistrationDelegate$BeanPostProcessorChecker - Bean 'org.springframework.boot.autoconfigure.jackson.JacksonAutoConfiguration$Jackson2ObjectMapperBuilderCustomizerConfiguration' of type [org.springframework.boot.autoconfigure.jackson.JacksonAutoConfiguration$Jackson2ObjectMapperBuilderCustomizerConfiguration] is not eligible for getting processed by all BeanPostProcessors (for example: not eligible for auto-proxying)
2020-05-07 17:15:21.843 febs [restartedMain] INFO  o.s.c.s.PostProcessorRegistrationDelegate$BeanPostProcessorChecker - Bean 'spring.jackson-org.springframework.boot.autoconfigure.jackson.JacksonProperties' of type [org.springframework.boot.autoconfigure.jackson.JacksonProperties] is not eligible for getting processed by all BeanPostProcessors (for example: not eligible for auto-proxying)
2020-05-07 17:15:21.845 febs [restartedMain] INFO  o.s.c.s.PostProcessorRegistrationDelegate$BeanPostProcessorChecker - Bean 'standardJacksonObjectMapperBuilderCustomizer' of type [org.springframework.boot.autoconfigure.jackson.JacksonAutoConfiguration$Jackson2ObjectMapperBuilderCustomizerConfiguration$StandardJackson2ObjectMapperBuilderCustomizer] is not eligible for getting processed by all BeanPostProcessors (for example: not eligible for auto-proxying)
2020-05-07 17:15:21.850 febs [restartedMain] INFO  o.s.c.s.PostProcessorRegistrationDelegate$BeanPostProcessorChecker - Bean 'org.springframework.boot.autoconfigure.jackson.JacksonAutoConfiguration$ParameterNamesModuleConfiguration' of type [org.springframework.boot.autoconfigure.jackson.JacksonAutoConfiguration$ParameterNamesModuleConfiguration] is not eligible for getting processed by all BeanPostProcessors (for example: not eligible for auto-proxying)
2020-05-07 17:15:21.855 febs [restartedMain] INFO  o.s.c.s.PostProcessorRegistrationDelegate$BeanPostProcessorChecker - Bean 'parameterNamesModule' of type [com.fasterxml.jackson.module.paramnames.ParameterNamesModule] is not eligible for getting processed by all BeanPostProcessors (for example: not eligible for auto-proxying)
2020-05-07 17:15:21.860 febs [restartedMain] INFO  o.s.c.s.PostProcessorRegistrationDelegate$BeanPostProcessorChecker - Bean 'org.springframework.boot.autoconfigure.jackson.JacksonAutoConfiguration' of type [org.springframework.boot.autoconfigure.jackson.JacksonAutoConfiguration] is not eligible for getting processed by all BeanPostProcessors (for example: not eligible for auto-proxying)
2020-05-07 17:15:21.868 febs [restartedMain] INFO  o.s.c.s.PostProcessorRegistrationDelegate$BeanPostProcessorChecker - Bean 'jsonComponentModule' of type [org.springframework.boot.jackson.JsonComponentModule] is not eligible for getting processed by all BeanPostProcessors (for example: not eligible for auto-proxying)
2020-05-07 17:15:21.871 febs [restartedMain] INFO  o.s.c.s.PostProcessorRegistrationDelegate$BeanPostProcessorChecker - Bean 'org.springframework.data.web.config.SpringDataJacksonConfiguration' of type [org.springframework.data.web.config.SpringDataJacksonConfiguration] is not eligible for getting processed by all BeanPostProcessors (for example: not eligible for auto-proxying)
2020-05-07 17:15:21.878 febs [restartedMain] INFO  o.s.c.s.PostProcessorRegistrationDelegate$BeanPostProcessorChecker - Bean 'jacksonGeoModule' of type [org.springframework.data.geo.GeoModule] is not eligible for getting processed by all BeanPostProcessors (for example: not eligible for auto-proxying)
2020-05-07 17:15:21.883 febs [restartedMain] INFO  o.s.c.s.PostProcessorRegistrationDelegate$BeanPostProcessorChecker - Bean 'jacksonObjectMapperBuilder' of type [org.springframework.http.converter.json.Jackson2ObjectMapperBuilder] is not eligible for getting processed by all BeanPostProcessors (for example: not eligible for auto-proxying)
2020-05-07 17:15:21.911 febs [restartedMain] INFO  o.s.c.s.PostProcessorRegistrationDelegate$BeanPostProcessorChecker - Bean 'jacksonObjectMapper' of type [com.fasterxml.jackson.databind.ObjectMapper] is not eligible for getting processed by all BeanPostProcessors (for example: not eligible for auto-proxying)
2020-05-07 17:15:21.928 febs [restartedMain] INFO  o.s.c.s.PostProcessorRegistrationDelegate$BeanPostProcessorChecker - Bean 'cacheService' of type [com.groundwater.support.modules.common.service.impl.CacheServiceImpl] is not eligible for getting processed by all BeanPostProcessors (for example: not eligible for auto-proxying)
2020-05-07 17:15:21.931 febs [restartedMain] INFO  o.s.c.s.PostProcessorRegistrationDelegate$BeanPostProcessorChecker - Bean 'userManager' of type [com.groundwater.support.modules.system.manager.UserManager] is not eligible for getting processed by all BeanPostProcessors (for example: not eligible for auto-proxying)
2020-05-07 17:15:21.931 febs [restartedMain] INFO  o.s.c.s.PostProcessorRegistrationDelegate$BeanPostProcessorChecker - Bean 'shiroRealm' of type [com.groundwater.support.modules.common.authentication.ShiroRealm] is not eligible for getting processed by all BeanPostProcessors (for example: not eligible for auto-proxying)
2020-05-07 17:15:21.939 febs [restartedMain] INFO  o.s.c.s.PostProcessorRegistrationDelegate$BeanPostProcessorChecker - Bean 'securityManager' of type [org.apache.shiro.web.mgt.DefaultWebSecurityManager] is not eligible for getting processed by all BeanPostProcessors (for example: not eligible for auto-proxying)
2020-05-07 17:15:21.953 febs [restartedMain] INFO  o.s.c.s.PostProcessorRegistrationDelegate$BeanPostProcessorChecker - Bean 'authorizationAttributeSourceAdvisor' of type [org.apache.shiro.spring.security.interceptor.AuthorizationAttributeSourceAdvisor] is not eligible for getting processed by all BeanPostProcessors (for example: not eligible for auto-proxying)
2020-05-07 17:15:22.310 febs [restartedMain] INFO  o.s.b.w.e.tomcat.TomcatWebServer - Tomcat initialized with port(s): 9527 (http)
2020-05-07 17:15:22.320 febs [restartedMain] INFO  o.a.coyote.http11.Http11NioProtocol - Initializing ProtocolHandler ["http-nio-9527"]
2020-05-07 17:15:22.321 febs [restartedMain] INFO  o.a.catalina.core.StandardService - Starting service [Tomcat]
2020-05-07 17:15:22.321 febs [restartedMain] INFO  o.a.catalina.core.StandardEngine - Starting Servlet engine: [Apache Tomcat/9.0.33]
2020-05-07 17:15:22.472 febs [restartedMain] INFO  o.a.c.c.C.[Tomcat].[localhost].[/] - Initializing Spring embedded WebApplicationContext
2020-05-07 17:15:22.472 febs [restartedMain] INFO  o.s.web.context.ContextLoader - Root WebApplicationContext: initialization completed in 4629 ms
2020-05-07 17:15:23.199 febs [restartedMain] INFO  o.s.s.c.ThreadPoolTaskExecutor - Initializing ExecutorService 'taskExecutor'
2020-05-07 17:15:24.181 febs [restartedMain] INFO  org.quartz.impl.StdSchedulerFactory - Using default implementation for ThreadExecutor
2020-05-07 17:15:24.193 febs [restartedMain] INFO  o.quartz.core.SchedulerSignalerImpl - Initialized Scheduler Signaller of type: class org.quartz.core.SchedulerSignalerImpl
2020-05-07 17:15:24.194 febs [restartedMain] INFO  org.quartz.core.QuartzScheduler - Quartz Scheduler v.2.3.2 created.
2020-05-07 17:15:24.194 febs [restartedMain] INFO  org.quartz.simpl.RAMJobStore - RAMJobStore initialized.
2020-05-07 17:15:24.195 febs [restartedMain] INFO  org.quartz.core.QuartzScheduler - Scheduler meta-data: Quartz Scheduler (v2.3.2) 'quartzScheduler' with instanceId 'NON_CLUSTERED'
  Scheduler class: 'org.quartz.core.QuartzScheduler' - running locally.
  NOT STARTED.
  Currently in standby mode.
  Number of jobs executed: 0
  Using thread pool 'org.quartz.simpl.SimpleThreadPool' - with 10 threads.
  Using job-store 'org.quartz.simpl.RAMJobStore' - which does not support persistence. and is not clustered.

2020-05-07 17:15:24.195 febs [restartedMain] INFO  org.quartz.impl.StdSchedulerFactory - Quartz scheduler 'quartzScheduler' initialized from an externally provided properties instance.
2020-05-07 17:15:24.195 febs [restartedMain] INFO  org.quartz.impl.StdSchedulerFactory - Quartz scheduler version: 2.3.2
2020-05-07 17:15:24.195 febs [restartedMain] INFO  org.quartz.core.QuartzScheduler - JobFactory set to: org.springframework.scheduling.quartz.SpringBeanJobFactory@5bc77454
2020-05-07 17:15:24.264 febs [restartedMain] INFO  o.s.b.d.a.OptionalLiveReloadServer - LiveReload server is running on port 35729
2020-05-07 17:15:24.271 febs [restartedMain] INFO  o.s.b.a.e.web.EndpointLinksResolver - Exposing 1 endpoint(s) beneath base path '/actuator'
2020-05-07 17:15:24.335 febs [restartedMain] INFO  o.s.s.quartz.SchedulerFactoryBean - Starting Quartz Scheduler now
2020-05-07 17:15:24.335 febs [restartedMain] INFO  org.quartz.core.QuartzScheduler - Scheduler quartzScheduler_$_NON_CLUSTERED started.
2020-05-07 17:15:24.348 febs [restartedMain] INFO  o.a.coyote.http11.Http11NioProtocol - Starting ProtocolHandler ["http-nio-9527"]
2020-05-07 17:15:24.373 febs [restartedMain] INFO  o.s.b.w.e.tomcat.TomcatWebServer - Tomcat started on port(s): 9527 (http) with context path ''
2020-05-07 17:15:24.376 febs [restartedMain] INFO  c.g.support.SupportApplication - Started SupportApplication in 7.689 seconds (JVM running for 9.893)
2020-05-07 17:15:24.381 febs [restartedMain] INFO  c.g.s.m.c.runner.CacheInitRunner - Redis 
2020-05-07 17:15:24.406 febs [restartedMain] INFO  c.g.s.m.c.runner.CacheInitRunner -  
2020-05-07 17:15:24.406 febs [restartedMain] INFO  c.g.s.m.c.runner.CacheInitRunner -  
2020-05-07 17:15:24.520 febs [restartedMain] INFO  c.alibaba.druid.pool.DruidDataSource - {dataSource-1} inited
2020-05-07 17:15:25.025 febs [restartedMain] INFO  org.quartz.core.QuartzScheduler - Scheduler quartzScheduler_$_NON_CLUSTERED paused.
2020-05-07 17:15:25.028 febs [restartedMain] INFO  o.s.s.quartz.SchedulerFactoryBean - Shutting down Quartz Scheduler
2020-05-07 17:15:25.029 febs [restartedMain] INFO  org.quartz.core.QuartzScheduler - Scheduler quartzScheduler_$_NON_CLUSTERED shutting down.
2020-05-07 17:15:25.029 febs [restartedMain] INFO  org.quartz.core.QuartzScheduler - Scheduler quartzScheduler_$_NON_CLUSTERED paused.
2020-05-07 17:15:25.029 febs [restartedMain] INFO  org.quartz.core.QuartzScheduler - Scheduler quartzScheduler_$_NON_CLUSTERED shutdown complete.
2020-05-07 17:15:25.042 febs [restartedMain] INFO  o.s.s.c.ThreadPoolTaskExecutor - Shutting down ExecutorService 'taskExecutor'
2020-05-07 17:15:25.047 febs [restartedMain] INFO  c.alibaba.druid.pool.DruidDataSource - {dataSource-1} closing ...
2020-05-07 17:15:25.055 febs [restartedMain] INFO  c.alibaba.druid.pool.DruidDataSource - {dataSource-1} closed
2020-05-07 17:15:52.121 febs [restartedMain] INFO  c.g.support.SupportApplication - Starting SupportApplication on DESKTOP-VOOFMH8 with PID 18068 (D:\workspace\groundwater\groundwater\target\classes started by wensi in D:\workspace\groundwater\groundwater)
2020-05-07 17:15:52.125 febs [restartedMain] INFO  c.g.support.SupportApplication - The following profiles are active: dev
2020-05-07 17:15:52.202 febs [restartedMain] INFO  o.s.b.d.e.DevToolsPropertyDefaultsPostProcessor - Devtools property defaults active! Set 'spring.devtools.add-properties' to 'false' to disable
2020-05-07 17:15:52.202 febs [restartedMain] INFO  o.s.b.d.e.DevToolsPropertyDefaultsPostProcessor - For additional web related logging consider setting the 'logging.level.web' property to 'DEBUG'
2020-05-07 17:15:53.378 febs [restartedMain] INFO  o.s.d.r.c.RepositoryConfigurationDelegate - Multiple Spring Data modules found, entering strict repository configuration mode!
2020-05-07 17:15:53.381 febs [restartedMain] INFO  o.s.d.r.c.RepositoryConfigurationDelegate - Bootstrapping Spring Data Redis repositories in DEFAULT mode.
2020-05-07 17:15:53.430 febs [restartedMain] INFO  o.s.d.r.c.RepositoryConfigurationDelegate - Finished Spring Data repository scanning in 36ms. Found 0 Redis repository interfaces.
2020-05-07 17:15:53.929 febs [restartedMain] INFO  o.s.c.s.PostProcessorRegistrationDelegate$BeanPostProcessorChecker - Bean 'shiroConfig' of type [com.groundwater.support.modules.common.authentication.ShiroConfig$$EnhancerBySpringCGLIB$$1480c47a] is not eligible for getting processed by all BeanPostProcessors (for example: not eligible for auto-proxying)
2020-05-07 17:15:54.520 febs [restartedMain] INFO  o.s.c.s.PostProcessorRegistrationDelegate$BeanPostProcessorChecker - Bean 'redisConfig' of type [com.groundwater.support.modules.common.config.RedisConfig$$EnhancerBySpringCGLIB$$fc79f6ce] is not eligible for getting processed by all BeanPostProcessors (for example: not eligible for auto-proxying)
2020-05-07 17:15:54.544 febs [restartedMain] INFO  o.s.c.s.PostProcessorRegistrationDelegate$BeanPostProcessorChecker - Bean 'redisPoolFactory' of type [redis.clients.jedis.JedisPool] is not eligible for getting processed by all BeanPostProcessors (for example: not eligible for auto-proxying)
2020-05-07 17:15:54.548 febs [restartedMain] INFO  o.s.c.s.PostProcessorRegistrationDelegate$BeanPostProcessorChecker - Bean 'redisService' of type [com.groundwater.support.modules.common.service.impl.RedisServiceImpl] is not eligible for getting processed by all BeanPostProcessors (for example: not eligible for auto-proxying)
2020-05-07 17:15:54.597 febs [restartedMain] INFO  o.s.c.s.PostProcessorRegistrationDelegate$BeanPostProcessorChecker - Bean 'mybatis-plus-com.baomidou.mybatisplus.autoconfigure.MybatisPlusProperties' of type [com.baomidou.mybatisplus.autoconfigure.MybatisPlusProperties] is not eligible for getting processed by all BeanPostProcessors (for example: not eligible for auto-proxying)
2020-05-07 17:15:54.605 febs [restartedMain] INFO  o.s.c.s.PostProcessorRegistrationDelegate$BeanPostProcessorChecker - Bean 'mybatisPlusConfig' of type [com.groundwater.support.modules.common.config.MybatisPlusConfig$$EnhancerBySpringCGLIB$$d42735a0] is not eligible for getting processed by all BeanPostProcessors (for example: not eligible for auto-proxying)
2020-05-07 17:15:54.611 febs [restartedMain] INFO  o.s.c.s.PostProcessorRegistrationDelegate$BeanPostProcessorChecker - Bean 'sqlExplainInterceptor' of type [com.baomidou.mybatisplus.extension.plugins.SqlExplainInterceptor] is not eligible for getting processed by all BeanPostProcessors (for example: not eligible for auto-proxying)
2020-05-07 17:15:54.619 febs [restartedMain] INFO  o.s.c.s.PostProcessorRegistrationDelegate$BeanPostProcessorChecker - Bean 'paginationInterceptor' of type [com.baomidou.mybatisplus.extension.plugins.PaginationInterceptor] is not eligible for getting processed by all BeanPostProcessors (for example: not eligible for auto-proxying)
2020-05-07 17:15:54.629 febs [restartedMain] INFO  o.s.c.s.PostProcessorRegistrationDelegate$BeanPostProcessorChecker - Bean 'com.baomidou.mybatisplus.autoconfigure.MybatisPlusAutoConfiguration' of type [com.baomidou.mybatisplus.autoconfigure.MybatisPlusAutoConfiguration$$EnhancerBySpringCGLIB$$b74cf920] is not eligible for getting processed by all BeanPostProcessors (for example: not eligible for auto-proxying)
2020-05-07 17:15:54.633 febs [restartedMain] INFO  o.s.c.s.PostProcessorRegistrationDelegate$BeanPostProcessorChecker - Bean 'org.springframework.boot.autoconfigure.jdbc.DataSourceConfiguration$Generic' of type [org.springframework.boot.autoconfigure.jdbc.DataSourceConfiguration$Generic] is not eligible for getting processed by all BeanPostProcessors (for example: not eligible for auto-proxying)
2020-05-07 17:15:54.647 febs [restartedMain] INFO  o.s.c.s.PostProcessorRegistrationDelegate$BeanPostProcessorChecker - Bean 'spring.datasource-org.springframework.boot.autoconfigure.jdbc.DataSourceProperties' of type [org.springframework.boot.autoconfigure.jdbc.DataSourceProperties] is not eligible for getting processed by all BeanPostProcessors (for example: not eligible for auto-proxying)
2020-05-07 17:15:54.691 febs [restartedMain] INFO  o.s.c.s.PostProcessorRegistrationDelegate$BeanPostProcessorChecker - Bean 'dataSource' of type [com.alibaba.druid.pool.DruidDataSource] is not eligible for getting processed by all BeanPostProcessors (for example: not eligible for auto-proxying)
2020-05-07 17:15:54.718 febs [restartedMain] INFO  o.s.c.s.PostProcessorRegistrationDelegate$BeanPostProcessorChecker - Bean 'org.springframework.boot.autoconfigure.jdbc.DataSourceInitializerInvoker' of type [org.springframework.boot.autoconfigure.jdbc.DataSourceInitializerInvoker] is not eligible for getting processed by all BeanPostProcessors (for example: not eligible for auto-proxying)
2020-05-07 17:15:56.139 febs [restartedMain] INFO  o.s.c.s.PostProcessorRegistrationDelegate$BeanPostProcessorChecker - Bean 'sqlSessionFactory' of type [org.apache.ibatis.session.defaults.DefaultSqlSessionFactory] is not eligible for getting processed by all BeanPostProcessors (for example: not eligible for auto-proxying)
2020-05-07 17:15:56.150 febs [restartedMain] INFO  o.s.c.s.PostProcessorRegistrationDelegate$BeanPostProcessorChecker - Bean 'sqlSessionTemplate' of type [org.mybatis.spring.SqlSessionTemplate] is not eligible for getting processed by all BeanPostProcessors (for example: not eligible for auto-proxying)
2020-05-07 17:15:56.154 febs [restartedMain] INFO  o.s.c.s.PostProcessorRegistrationDelegate$BeanPostProcessorChecker - Bean 'roleMapper' of type [org.mybatis.spring.mapper.MapperFactoryBean] is not eligible for getting processed by all BeanPostProcessors (for example: not eligible for auto-proxying)
2020-05-07 17:15:56.159 febs [restartedMain] INFO  o.s.c.s.PostProcessorRegistrationDelegate$BeanPostProcessorChecker - Bean 'roleMapper' of type [com.sun.proxy.$Proxy108] is not eligible for getting processed by all BeanPostProcessors (for example: not eligible for auto-proxying)
2020-05-07 17:15:56.196 febs [restartedMain] INFO  o.s.c.s.PostProcessorRegistrationDelegate$BeanPostProcessorChecker - Bean 'roleMenuMapper' of type [org.mybatis.spring.mapper.MapperFactoryBean] is not eligible for getting processed by all BeanPostProcessors (for example: not eligible for auto-proxying)
2020-05-07 17:15:56.198 febs [restartedMain] INFO  o.s.c.s.PostProcessorRegistrationDelegate$BeanPostProcessorChecker - Bean 'roleMenuMapper' of type [com.sun.proxy.$Proxy109] is not eligible for getting processed by all BeanPostProcessors (for example: not eligible for auto-proxying)
2020-05-07 17:15:56.202 febs [restartedMain] INFO  o.s.c.s.PostProcessorRegistrationDelegate$BeanPostProcessorChecker - Bean 'userRoleMapper' of type [org.mybatis.spring.mapper.MapperFactoryBean] is not eligible for getting processed by all BeanPostProcessors (for example: not eligible for auto-proxying)
2020-05-07 17:15:56.204 febs [restartedMain] INFO  o.s.c.s.PostProcessorRegistrationDelegate$BeanPostProcessorChecker - Bean 'userRoleMapper' of type [com.sun.proxy.$Proxy110] is not eligible for getting processed by all BeanPostProcessors (for example: not eligible for auto-proxying)
2020-05-07 17:15:56.205 febs [restartedMain] INFO  o.s.c.s.PostProcessorRegistrationDelegate$BeanPostProcessorChecker - Bean 'userRoleService' of type [com.groundwater.support.modules.system.service.impl.UserRoleServiceImpl] is not eligible for getting processed by all BeanPostProcessors (for example: not eligible for auto-proxying)
2020-05-07 17:15:56.240 febs [restartedMain] INFO  o.s.c.s.PostProcessorRegistrationDelegate$BeanPostProcessorChecker - Bean 'roleMenuService' of type [com.groundwater.support.modules.system.service.impl.RoleMenuServiceImpl] is not eligible for getting processed by all BeanPostProcessors (for example: not eligible for auto-proxying)
2020-05-07 17:15:56.254 febs [restartedMain] INFO  o.s.c.s.PostProcessorRegistrationDelegate$BeanPostProcessorChecker - Bean 'roleService' of type [com.groundwater.support.modules.system.service.impl.RoleServiceImpl] is not eligible for getting processed by all BeanPostProcessors (for example: not eligible for auto-proxying)
2020-05-07 17:15:56.271 febs [restartedMain] INFO  o.s.c.s.PostProcessorRegistrationDelegate$BeanPostProcessorChecker - Bean 'menuMapper' of type [org.mybatis.spring.mapper.MapperFactoryBean] is not eligible for getting processed by all BeanPostProcessors (for example: not eligible for auto-proxying)
2020-05-07 17:15:56.272 febs [restartedMain] INFO  o.s.c.s.PostProcessorRegistrationDelegate$BeanPostProcessorChecker - Bean 'menuMapper' of type [com.sun.proxy.$Proxy114] is not eligible for getting processed by all BeanPostProcessors (for example: not eligible for auto-proxying)
2020-05-07 17:15:56.273 febs [restartedMain] INFO  o.s.c.s.PostProcessorRegistrationDelegate$BeanPostProcessorChecker - Bean 'menuService' of type [com.groundwater.support.modules.system.service.impl.MenuServiceImpl] is not eligible for getting processed by all BeanPostProcessors (for example: not eligible for auto-proxying)
2020-05-07 17:15:56.287 febs [restartedMain] INFO  o.s.c.s.PostProcessorRegistrationDelegate$BeanPostProcessorChecker - Bean 'userMapper' of type [org.mybatis.spring.mapper.MapperFactoryBean] is not eligible for getting processed by all BeanPostProcessors (for example: not eligible for auto-proxying)
2020-05-07 17:15:56.288 febs [restartedMain] INFO  o.s.c.s.PostProcessorRegistrationDelegate$BeanPostProcessorChecker - Bean 'userMapper' of type [com.sun.proxy.$Proxy116] is not eligible for getting processed by all BeanPostProcessors (for example: not eligible for auto-proxying)
2020-05-07 17:15:56.326 febs [restartedMain] INFO  o.s.c.s.PostProcessorRegistrationDelegate$BeanPostProcessorChecker - Bean 'userConfigMapper' of type [org.mybatis.spring.mapper.MapperFactoryBean] is not eligible for getting processed by all BeanPostProcessors (for example: not eligible for auto-proxying)
2020-05-07 17:15:56.328 febs [restartedMain] INFO  o.s.c.s.PostProcessorRegistrationDelegate$BeanPostProcessorChecker - Bean 'userConfigMapper' of type [com.sun.proxy.$Proxy117] is not eligible for getting processed by all BeanPostProcessors (for example: not eligible for auto-proxying)
2020-05-07 17:15:56.330 febs [restartedMain] INFO  o.s.c.s.PostProcessorRegistrationDelegate$BeanPostProcessorChecker - Bean 'userConfigService' of type [com.groundwater.support.modules.system.service.impl.UserConfigServiceImpl] is not eligible for getting processed by all BeanPostProcessors (for example: not eligible for auto-proxying)
2020-05-07 17:15:56.342 febs [restartedMain] INFO  o.s.c.s.PostProcessorRegistrationDelegate$BeanPostProcessorChecker - Bean 'userService' of type [com.groundwater.support.modules.system.service.impl.UserServiceImpl] is not eligible for getting processed by all BeanPostProcessors (for example: not eligible for auto-proxying)
2020-05-07 17:15:56.355 febs [restartedMain] INFO  o.s.c.s.PostProcessorRegistrationDelegate$BeanPostProcessorChecker - Bean 'org.springframework.boot.autoconfigure.jackson.JacksonAutoConfiguration$JacksonObjectMapperConfiguration' of type [org.springframework.boot.autoconfigure.jackson.JacksonAutoConfiguration$JacksonObjectMapperConfiguration] is not eligible for getting processed by all BeanPostProcessors (for example: not eligible for auto-proxying)
2020-05-07 17:15:56.357 febs [restartedMain] INFO  o.s.c.s.PostProcessorRegistrationDelegate$BeanPostProcessorChecker - Bean 'org.springframework.boot.autoconfigure.jackson.JacksonAutoConfiguration$JacksonObjectMapperBuilderConfiguration' of type [org.springframework.boot.autoconfigure.jackson.JacksonAutoConfiguration$JacksonObjectMapperBuilderConfiguration] is not eligible for getting processed by all BeanPostProcessors (for example: not eligible for auto-proxying)
2020-05-07 17:15:56.360 febs [restartedMain] INFO  o.s.c.s.PostProcessorRegistrationDelegate$BeanPostProcessorChecker - Bean 'org.springframework.boot.autoconfigure.jackson.JacksonAutoConfiguration$Jackson2ObjectMapperBuilderCustomizerConfiguration' of type [org.springframework.boot.autoconfigure.jackson.JacksonAutoConfiguration$Jackson2ObjectMapperBuilderCustomizerConfiguration] is not eligible for getting processed by all BeanPostProcessors (for example: not eligible for auto-proxying)
2020-05-07 17:15:56.367 febs [restartedMain] INFO  o.s.c.s.PostProcessorRegistrationDelegate$BeanPostProcessorChecker - Bean 'spring.jackson-org.springframework.boot.autoconfigure.jackson.JacksonProperties' of type [org.springframework.boot.autoconfigure.jackson.JacksonProperties] is not eligible for getting processed by all BeanPostProcessors (for example: not eligible for auto-proxying)
2020-05-07 17:15:56.369 febs [restartedMain] INFO  o.s.c.s.PostProcessorRegistrationDelegate$BeanPostProcessorChecker - Bean 'standardJacksonObjectMapperBuilderCustomizer' of type [org.springframework.boot.autoconfigure.jackson.JacksonAutoConfiguration$Jackson2ObjectMapperBuilderCustomizerConfiguration$StandardJackson2ObjectMapperBuilderCustomizer] is not eligible for getting processed by all BeanPostProcessors (for example: not eligible for auto-proxying)
2020-05-07 17:15:56.374 febs [restartedMain] INFO  o.s.c.s.PostProcessorRegistrationDelegate$BeanPostProcessorChecker - Bean 'org.springframework.boot.autoconfigure.jackson.JacksonAutoConfiguration$ParameterNamesModuleConfiguration' of type [org.springframework.boot.autoconfigure.jackson.JacksonAutoConfiguration$ParameterNamesModuleConfiguration] is not eligible for getting processed by all BeanPostProcessors (for example: not eligible for auto-proxying)
2020-05-07 17:15:56.379 febs [restartedMain] INFO  o.s.c.s.PostProcessorRegistrationDelegate$BeanPostProcessorChecker - Bean 'parameterNamesModule' of type [com.fasterxml.jackson.module.paramnames.ParameterNamesModule] is not eligible for getting processed by all BeanPostProcessors (for example: not eligible for auto-proxying)
2020-05-07 17:15:56.383 febs [restartedMain] INFO  o.s.c.s.PostProcessorRegistrationDelegate$BeanPostProcessorChecker - Bean 'org.springframework.boot.autoconfigure.jackson.JacksonAutoConfiguration' of type [org.springframework.boot.autoconfigure.jackson.JacksonAutoConfiguration] is not eligible for getting processed by all BeanPostProcessors (for example: not eligible for auto-proxying)
2020-05-07 17:15:56.391 febs [restartedMain] INFO  o.s.c.s.PostProcessorRegistrationDelegate$BeanPostProcessorChecker - Bean 'jsonComponentModule' of type [org.springframework.boot.jackson.JsonComponentModule] is not eligible for getting processed by all BeanPostProcessors (for example: not eligible for auto-proxying)
2020-05-07 17:15:56.393 febs [restartedMain] INFO  o.s.c.s.PostProcessorRegistrationDelegate$BeanPostProcessorChecker - Bean 'org.springframework.data.web.config.SpringDataJacksonConfiguration' of type [org.springframework.data.web.config.SpringDataJacksonConfiguration] is not eligible for getting processed by all BeanPostProcessors (for example: not eligible for auto-proxying)
2020-05-07 17:15:56.398 febs [restartedMain] INFO  o.s.c.s.PostProcessorRegistrationDelegate$BeanPostProcessorChecker - Bean 'jacksonGeoModule' of type [org.springframework.data.geo.GeoModule] is not eligible for getting processed by all BeanPostProcessors (for example: not eligible for auto-proxying)
2020-05-07 17:15:56.402 febs [restartedMain] INFO  o.s.c.s.PostProcessorRegistrationDelegate$BeanPostProcessorChecker - Bean 'jacksonObjectMapperBuilder' of type [org.springframework.http.converter.json.Jackson2ObjectMapperBuilder] is not eligible for getting processed by all BeanPostProcessors (for example: not eligible for auto-proxying)
2020-05-07 17:15:56.426 febs [restartedMain] INFO  o.s.c.s.PostProcessorRegistrationDelegate$BeanPostProcessorChecker - Bean 'jacksonObjectMapper' of type [com.fasterxml.jackson.databind.ObjectMapper] is not eligible for getting processed by all BeanPostProcessors (for example: not eligible for auto-proxying)
2020-05-07 17:15:56.445 febs [restartedMain] INFO  o.s.c.s.PostProcessorRegistrationDelegate$BeanPostProcessorChecker - Bean 'cacheService' of type [com.groundwater.support.modules.common.service.impl.CacheServiceImpl] is not eligible for getting processed by all BeanPostProcessors (for example: not eligible for auto-proxying)
2020-05-07 17:15:56.448 febs [restartedMain] INFO  o.s.c.s.PostProcessorRegistrationDelegate$BeanPostProcessorChecker - Bean 'userManager' of type [com.groundwater.support.modules.system.manager.UserManager] is not eligible for getting processed by all BeanPostProcessors (for example: not eligible for auto-proxying)
2020-05-07 17:15:56.448 febs [restartedMain] INFO  o.s.c.s.PostProcessorRegistrationDelegate$BeanPostProcessorChecker - Bean 'shiroRealm' of type [com.groundwater.support.modules.common.authentication.ShiroRealm] is not eligible for getting processed by all BeanPostProcessors (for example: not eligible for auto-proxying)
2020-05-07 17:15:56.455 febs [restartedMain] INFO  o.s.c.s.PostProcessorRegistrationDelegate$BeanPostProcessorChecker - Bean 'securityManager' of type [org.apache.shiro.web.mgt.DefaultWebSecurityManager] is not eligible for getting processed by all BeanPostProcessors (for example: not eligible for auto-proxying)
2020-05-07 17:15:56.466 febs [restartedMain] INFO  o.s.c.s.PostProcessorRegistrationDelegate$BeanPostProcessorChecker - Bean 'authorizationAttributeSourceAdvisor' of type [org.apache.shiro.spring.security.interceptor.AuthorizationAttributeSourceAdvisor] is not eligible for getting processed by all BeanPostProcessors (for example: not eligible for auto-proxying)
2020-05-07 17:15:56.794 febs [restartedMain] INFO  o.s.b.w.e.tomcat.TomcatWebServer - Tomcat initialized with port(s): 9527 (http)
2020-05-07 17:15:56.804 febs [restartedMain] INFO  o.a.coyote.http11.Http11NioProtocol - Initializing ProtocolHandler ["http-nio-9527"]
2020-05-07 17:15:56.805 febs [restartedMain] INFO  o.a.catalina.core.StandardService - Starting service [Tomcat]
2020-05-07 17:15:56.805 febs [restartedMain] INFO  o.a.catalina.core.StandardEngine - Starting Servlet engine: [Apache Tomcat/9.0.33]
2020-05-07 17:15:56.960 febs [restartedMain] INFO  o.a.c.c.C.[Tomcat].[localhost].[/] - Initializing Spring embedded WebApplicationContext
2020-05-07 17:15:56.960 febs [restartedMain] INFO  o.s.web.context.ContextLoader - Root WebApplicationContext: initialization completed in 4757 ms
2020-05-07 17:15:57.704 febs [restartedMain] INFO  o.s.s.c.ThreadPoolTaskExecutor - Initializing ExecutorService 'taskExecutor'
2020-05-07 17:15:58.647 febs [restartedMain] INFO  org.quartz.impl.StdSchedulerFactory - Using default implementation for ThreadExecutor
2020-05-07 17:15:58.659 febs [restartedMain] INFO  o.quartz.core.SchedulerSignalerImpl - Initialized Scheduler Signaller of type: class org.quartz.core.SchedulerSignalerImpl
2020-05-07 17:15:58.659 febs [restartedMain] INFO  org.quartz.core.QuartzScheduler - Quartz Scheduler v.2.3.2 created.
2020-05-07 17:15:58.660 febs [restartedMain] INFO  org.quartz.simpl.RAMJobStore - RAMJobStore initialized.
2020-05-07 17:15:58.661 febs [restartedMain] INFO  org.quartz.core.QuartzScheduler - Scheduler meta-data: Quartz Scheduler (v2.3.2) 'quartzScheduler' with instanceId 'NON_CLUSTERED'
  Scheduler class: 'org.quartz.core.QuartzScheduler' - running locally.
  NOT STARTED.
  Currently in standby mode.
  Number of jobs executed: 0
  Using thread pool 'org.quartz.simpl.SimpleThreadPool' - with 10 threads.
  Using job-store 'org.quartz.simpl.RAMJobStore' - which does not support persistence. and is not clustered.

2020-05-07 17:15:58.661 febs [restartedMain] INFO  org.quartz.impl.StdSchedulerFactory - Quartz scheduler 'quartzScheduler' initialized from an externally provided properties instance.
2020-05-07 17:15:58.661 febs [restartedMain] INFO  org.quartz.impl.StdSchedulerFactory - Quartz scheduler version: 2.3.2
2020-05-07 17:15:58.661 febs [restartedMain] INFO  org.quartz.core.QuartzScheduler - JobFactory set to: org.springframework.scheduling.quartz.SpringBeanJobFactory@347348c0
2020-05-07 17:15:58.742 febs [restartedMain] INFO  o.s.b.d.a.OptionalLiveReloadServer - LiveReload server is running on port 35729
2020-05-07 17:15:58.751 febs [restartedMain] INFO  o.s.b.a.e.web.EndpointLinksResolver - Exposing 1 endpoint(s) beneath base path '/actuator'
2020-05-07 17:15:58.813 febs [restartedMain] INFO  o.s.s.quartz.SchedulerFactoryBean - Starting Quartz Scheduler now
2020-05-07 17:15:58.813 febs [restartedMain] INFO  org.quartz.core.QuartzScheduler - Scheduler quartzScheduler_$_NON_CLUSTERED started.
2020-05-07 17:15:58.830 febs [restartedMain] INFO  o.a.coyote.http11.Http11NioProtocol - Starting ProtocolHandler ["http-nio-9527"]
2020-05-07 17:15:58.857 febs [restartedMain] INFO  o.s.b.w.e.tomcat.TomcatWebServer - Tomcat started on port(s): 9527 (http) with context path ''
2020-05-07 17:15:58.860 febs [restartedMain] INFO  c.g.support.SupportApplication - Started SupportApplication in 7.791 seconds (JVM running for 9.673)
2020-05-07 17:15:58.867 febs [restartedMain] INFO  c.g.s.m.c.runner.CacheInitRunner - Redis 
2020-05-07 17:15:58.886 febs [restartedMain] INFO  c.g.s.m.c.runner.CacheInitRunner -  
2020-05-07 17:15:58.886 febs [restartedMain] INFO  c.g.s.m.c.runner.CacheInitRunner -  
2020-05-07 17:15:58.994 febs [restartedMain] INFO  c.alibaba.druid.pool.DruidDataSource - {dataSource-1} inited
2020-05-07 17:15:59.722 febs [restartedMain] INFO  c.g.s.m.c.runner.StartedUpRunner -  __    ___   _      ___   _     ____ _____  ____ 
2020-05-07 17:15:59.723 febs [restartedMain] INFO  c.g.s.m.c.runner.StartedUpRunner - / /`  / / \ | |\/| | |_) | |   | |_   | |  | |_  
2020-05-07 17:15:59.723 febs [restartedMain] INFO  c.g.s.m.c.runner.StartedUpRunner - \_\_, \_\_/ |_|  | |_|   |_|__ |_|__  |_|  |_|__ 
2020-05-07 17:15:59.723 febs [restartedMain] INFO  c.g.s.m.c.runner.StartedUpRunner -                                                       
2020-05-07 17:15:59.728 febs [restartedMain] INFO  c.g.s.m.c.runner.StartedUpRunner - FEBS 2020-05-07T17:15:59.728
2020-05-07 17:16:00.177 febs [RMI TCP Connection(1)-192.168.31.36] INFO  o.a.c.c.C.[Tomcat].[localhost].[/] - Initializing Spring DispatcherServlet 'dispatcherServlet'
2020-05-07 17:16:00.177 febs [RMI TCP Connection(1)-192.168.31.36] INFO  o.s.web.servlet.DispatcherServlet - Initializing Servlet 'dispatcherServlet'
2020-05-07 17:16:00.193 febs [RMI TCP Connection(1)-192.168.31.36] INFO  o.s.web.servlet.DispatcherServlet - Completed initialization in 16 ms
2020-05-07 17:16:32.066 febs [http-nio-9527-exec-3] INFO  c.g.s.m.c.authentication.JWTUtil - token is valid
2020-05-07 17:16:32.711 febs [http-nio-9527-exec-5] INFO  c.g.s.m.c.authentication.JWTUtil - token is valid
2020-05-07 17:16:38.729 febs [http-nio-9527-exec-9] INFO  c.g.s.m.c.authentication.JWTUtil - token is valid
2020-05-07 17:16:38.733 febs [http-nio-9527-exec-10] INFO  c.g.s.m.c.authentication.JWTUtil - token is valid
2020-05-07 17:17:00.664 febs [http-nio-9527-exec-9] INFO  c.g.s.m.c.authentication.JWTUtil - token is valid
2020-05-07 17:17:01.114 febs [http-nio-9527-exec-2] INFO  c.g.s.m.c.authentication.JWTUtil - token is valid
2020-05-07 17:17:05.591 febs [http-nio-9527-exec-4] INFO  c.g.s.m.c.authentication.JWTUtil - token is valid
2020-05-07 17:17:05.591 febs [http-nio-9527-exec-5] INFO  c.g.s.m.c.authentication.JWTUtil - token is valid
2020-05-07 17:17:08.254 febs [http-nio-9527-exec-9] INFO  c.g.s.m.c.authentication.JWTUtil - token is valid
2020-05-07 17:17:08.258 febs [http-nio-9527-exec-10] INFO  c.g.s.m.c.authentication.JWTUtil - token is valid
2020-05-07 17:17:18.885 febs [http-nio-9527-exec-6] INFO  c.g.s.m.c.authentication.JWTUtil - token is valid
2020-05-07 17:17:18.885 febs [http-nio-9527-exec-5] INFO  c.g.s.m.c.authentication.JWTUtil - token is valid
2020-05-07 17:17:45.160 febs [http-nio-9527-exec-2] INFO  c.g.s.m.c.authentication.JWTUtil - token is valid
2020-05-07 17:17:45.512 febs [http-nio-9527-exec-4] INFO  c.g.s.m.c.authentication.JWTUtil - token is valid
2020-05-07 17:17:59.190 febs [http-nio-9527-exec-2] INFO  c.g.s.m.c.authentication.JWTUtil - token is valid
2020-05-07 17:17:59.665 febs [http-nio-9527-exec-4] INFO  c.g.s.m.c.authentication.JWTUtil - token is valid
2020-05-07 17:18:39.790 febs [http-nio-9527-exec-7] INFO  c.g.s.m.c.authentication.JWTUtil - token is valid
2020-05-07 17:18:43.339 febs [http-nio-9527-exec-9] INFO  c.g.s.m.c.authentication.JWTUtil - token is valid
